#
# There is insufficient memory for the Java Runtime Environment to continue.
# Native memory allocation (malloc) failed to allocate 1136976 bytes for Chunk::new
# Possible reasons:
#   The system is out of physical RAM or swap space
#   In 32 bit mode, the process size limit was hit
# Possible solutions:
#   Reduce memory load on the system
#   Increase physical memory or swap space
#   Check if swap backing store is full
#   Use 64 bit Java on a 64 bit OS
#   Decrease Java heap size (-Xmx/-Xms)
#   Decrease number of Java threads
#   Decrease Java thread stack sizes (-Xss)
#   Set larger code cache with -XX:ReservedCodeCacheSize=
# This output file may be truncated or incomplete.
#
#  Out of Memory Error (allocation.cpp:390), pid=8252, tid=0x00000000000019ec
#
# JRE version: Java(TM) SE Runtime Environment (8.0_111-b14) (build 1.8.0_111-b14)
# Java VM: Java HotSpot(TM) 64-Bit Server VM (25.111-b14 mixed mode windows-amd64 compressed oops)
# Failed to write core dump. Minidumps are not enabled by default on client versions of Windows
#

---------------  T H R E A D  ---------------

Current thread (0x00000000573ea800):  JavaThread "C2 CompilerThread1" daemon [_thread_in_native, id=6636, stack(0x0000000057d00000,0x0000000057e00000)]

Stack: [0x0000000057d00000,0x0000000057e00000]
[error occurred during error reporting (printing stack bounds), id 0xc0000005]

Native frames: (J=compiled Java code, j=interpreted, Vv=VM code, C=native code)


Current CompileTask:
C2:4422850 19959   !   4       com.android.dx.cf.code.RopperMachine::run (1550 bytes)


---------------  P R O C E S S  ---------------

Java Threads: ( => current thread )
  0x000000005bfad800 JavaThread "pool-121-thread-1" [_thread_blocked, id=2328, stack(0x0000000064480000,0x0000000064580000)]
  0x000000005bfac800 JavaThread "pool-120-thread-1" [_thread_blocked, id=6860, stack(0x0000000064230000,0x0000000064330000)]
  0x000000005a9be800 JavaThread "pool-117-thread-4" [_thread_blocked, id=7540, stack(0x0000000064090000,0x0000000064190000)]
  0x000000005a9bc000 JavaThread "pool-117-thread-3" [_thread_blocked, id=540, stack(0x0000000064850000,0x0000000064950000)]
  0x000000005a9bb800 JavaThread "pool-117-thread-2" [_thread_blocked, id=11152, stack(0x0000000065320000,0x0000000065420000)]
  0x000000005a9b8000 JavaThread "pool-118-thread-1" [_thread_blocked, id=9916, stack(0x0000000064d20000,0x0000000064e20000)]
  0x000000005a9b9000 JavaThread "pool-117-thread-1" [_thread_blocked, id=9424, stack(0x00000000649b0000,0x0000000064ab0000)]
  0x000000005a9bd800 JavaThread "pool-108-thread-4" [_thread_blocked, id=9220, stack(0x0000000063dd0000,0x0000000063ed0000)]
  0x000000005a9bd000 JavaThread "pool-108-thread-3" [_thread_blocked, id=10492, stack(0x0000000064bf0000,0x0000000064cf0000)]
  0x000000005bfaf000 JavaThread "pool-108-thread-2" [_thread_blocked, id=9400, stack(0x0000000064740000,0x0000000064840000)]
  0x000000005bfaf800 JavaThread "pool-109-thread-1" [_thread_blocked, id=5908, stack(0x0000000065050000,0x0000000065150000)]
  0x000000005bfae000 JavaThread "pool-108-thread-1" [_thread_blocked, id=716, stack(0x0000000064ea0000,0x0000000064fa0000)]
  0x00000000581ea800 JavaThread "pool-10-thread-4" [_thread_blocked, id=10584, stack(0x0000000063910000,0x0000000063a10000)]
  0x00000000581ed000 JavaThread "pool-10-thread-3" [_thread_in_native, id=11236, stack(0x0000000063c90000,0x0000000063d90000)]
  0x00000000581ed800 JavaThread "pool-10-thread-2" [_thread_in_native, id=9076, stack(0x0000000063ad0000,0x0000000063bd0000)]
  0x00000000581e5800 JavaThread "pool-10-thread-1" [_thread_in_native, id=9464, stack(0x00000000637f0000,0x00000000638f0000)]
  0x00000000581eb800 JavaThread "pool-9-thread-4" [_thread_blocked, id=5528, stack(0x000000005b430000,0x000000005b530000)]
  0x00000000581ee800 JavaThread "pool-9-thread-3" [_thread_in_native, id=11004, stack(0x0000000059550000,0x0000000059650000)]
  0x00000000581e3000 JavaThread "pool-9-thread-2" [_thread_blocked, id=9132, stack(0x0000000062a60000,0x0000000062b60000)]
  0x00000000581e7800 JavaThread "pool-9-thread-1" [_thread_blocked, id=9628, stack(0x000000005ba30000,0x000000005bb30000)]
  0x00000000581e8800 JavaThread "Asynchronous log dispatcher for org.gradle.launcher.daemon.server.DefaultDaemonConnection@35b0539b" [_thread_blocked, id=10100, stack(0x0000000062910000,0x0000000062a10000)]
  0x00000000581e1800 JavaThread "Daemon worker Thread 4" [_thread_blocked, id=7676, stack(0x00000000623a0000,0x00000000624a0000)]
  0x00000000581e4800 JavaThread "Cancel handler" [_thread_blocked, id=5684, stack(0x000000005b7b0000,0x000000005b8b0000)]
  0x00000000581e2800 JavaThread "Handler for socket connection from /127.0.0.1:49808 to /127.0.0.1:50592" [_thread_in_native, id=2392, stack(0x000000005b8d0000,0x000000005b9d0000)]
  0x00000000581e0800 JavaThread "Daemon Thread 4" [_thread_blocked, id=9248, stack(0x0000000059910000,0x0000000059a10000)]
  0x00000000581e0000 JavaThread "File lock request listener" [_thread_in_native, id=9716, stack(0x000000005cf80000,0x000000005d080000)]
  0x00000000587c7800 JavaThread "Incoming local TCP Connector on port 49808" [_thread_in_native, id=7228, stack(0x000000005ada0000,0x000000005aea0000)]
  0x0000000059bff800 JavaThread "pool-1-thread-1" [_thread_blocked, id=9040, stack(0x000000005ac40000,0x000000005ad40000)]
  0x0000000055f5e800 JavaThread "Service Thread" daemon [_thread_blocked, id=9796, stack(0x0000000057c00000,0x0000000057d00000)]
  0x00000000573ec000 JavaThread "C1 CompilerThread2" daemon [_thread_blocked, id=9156, stack(0x0000000057e50000,0x0000000057f50000)]
=>0x00000000573ea800 JavaThread "C2 CompilerThread1" daemon [_thread_in_native, id=6636, stack(0x0000000057d00000,0x0000000057e00000)]
  0x00000000573e3000 JavaThread "C2 CompilerThread0" daemon [_thread_in_native, id=6432, stack(0x0000000057860000,0x0000000057960000)]
  0x00000000573e0800 JavaThread "Attach Listener" daemon [_thread_blocked, id=8224, stack(0x0000000057b00000,0x0000000057c00000)]
  0x0000000055f53800 JavaThread "Signal Dispatcher" daemon [_thread_blocked, id=7620, stack(0x00000000579d0000,0x0000000057ad0000)]
  0x0000000055f39800 JavaThread "Finalizer" daemon [_thread_blocked, id=8868, stack(0x0000000057180000,0x0000000057280000)]
  0x0000000055ef2800 JavaThread "Reference Handler" daemon [_thread_blocked, id=9152, stack(0x00000000572e0000,0x00000000573e0000)]
  0x000000000027e800 JavaThread "main" [_thread_blocked, id=10168, stack(0x0000000002120000,0x0000000002220000)]

Other Threads:
  0x0000000055eeb000 VMThread [stack: 0x0000000057040000,0x0000000057140000] [id=4844]
  0x0000000057466000 WatcherThread [stack: 0x00000000580a0000,0x00000000581a0000] [id=6580]

VM state:not at safepoint (normal execution)

VM Mutex/Monitor currently owned by a thread: None

Heap:
 PSYoungGen      total 338944K, used 132004K [0x00000000e0000000, 0x00000000faf00000, 0x0000000100000000)
  eden space 267264K, 41% used [0x00000000e0000000,0x00000000e6c71c20,0x00000000f0500000)
  from space 71680K, 29% used [0x00000000f0500000,0x00000000f19777d0,0x00000000f4b00000)
  to   space 70144K, 0% used [0x00000000f6a80000,0x00000000f6a80000,0x00000000faf00000)
 ParOldGen       total 224768K, used 181876K [0x00000000a0000000, 0x00000000adb80000, 0x00000000e0000000)
  object space 224768K, 80% used [0x00000000a0000000,0x00000000ab19d2b0,0x00000000adb80000)
 Metaspace       used 75077K, capacity 78294K, committed 79360K, reserved 1118208K
  class space    used 9680K, capacity 10364K, committed 10752K, reserved 1048576K

Card table byte_map: [0x00000000118b0000,0x0000000011bc0000] byte_map_base: 0x00000000113b0000

Marking Bits: (ParMarkBitMap*) 0x0000000070d3a6c0
 Begin Bits: [0x0000000012260000, 0x0000000013a60000)
 End Bits:   [0x0000000013a60000, 0x0000000015260000)

Polling page: 0x0000000000210000

CodeCache: size=245760Kb used=56987Kb max_used=57725Kb free=188772Kb
 bounds [0x00000000024f0000, 0x0000000005dd0000, 0x00000000114f0000]
 total_blobs=16055 nmethods=15276 adapters=689
 compilation: enabled

Compilation events (10 events):
Event: 4419.323 Thread 0x00000000573e3000 19960       4       com.android.dx.cf.iface.StdFieldList::get (9 bytes)
Event: 4419.324 Thread 0x00000000573e3000 nmethod 19960 0x00000000056a24d0 code [0x00000000056a2620, 0x00000000056a26d8]
Event: 4419.325 Thread 0x00000000573e3000 19962       4       com.android.dx.dex.file.EncodedField::hashCode (8 bytes)
Event: 4419.331 Thread 0x00000000573e3000 nmethod 19962 0x000000000572c9d0 code [0x000000000572cb20, 0x000000000572cf98]
Event: 4419.393 Thread 0x00000000573e3000 19964       4       java.util.BitSet::set (124 bytes)
Event: 4419.399 Thread 0x00000000573e3000 nmethod 19964 0x00000000058d2ad0 code [0x00000000058d2c20, 0x00000000058d30f8]
Event: 4419.420 Thread 0x00000000573ec000 19965       3       com.android.dx.cf.code.Simulator::access$200 (6 bytes)
Event: 4419.420 Thread 0x00000000573ec000 nmethod 19965 0x0000000005cf6250 code [0x0000000005cf63c0, 0x0000000005cf6528]
Event: 4419.421 Thread 0x00000000573ec000 19966       3       com.android.dx.rop.code.BasicBlockList$RegCountVisitor::visitThrowingInsn (6 bytes)
Event: 4419.421 Thread 0x00000000573ec000 nmethod 19966 0x0000000005ba5a90 code [0x0000000005ba5c00, 0x0000000005ba5d88]

GC Heap History (10 events):
Event: 4413.061 GC heap before
{Heap before GC invocations=89 (full 12):
 PSYoungGen      total 278528K, used 213504K [0x00000000e0000000, 0x00000000f6e00000, 0x0000000100000000)
  eden space 213504K, 100% used [0x00000000e0000000,0x00000000ed080000,0x00000000ed080000)
  from space 65024K, 0% used [0x00000000f1800000,0x00000000f1800000,0x00000000f5780000)
  to   space 73216K, 0% used [0x00000000ed080000,0x00000000ed080000,0x00000000f1800000)
 ParOldGen       total 224768K, used 149090K [0x00000000a0000000, 0x00000000adb80000, 0x00000000e0000000)
  object space 224768K, 66% used [0x00000000a0000000,0x00000000a9198918,0x00000000adb80000)
 Metaspace       used 75026K, capacity 78230K, committed 79360K, reserved 1118208K
  class space    used 9676K, capacity 10364K, committed 10752K, reserved 1048576K
Event: 4413.118 GC heap after
Heap after GC invocations=89 (full 12):
 PSYoungGen      total 286720K, used 29363K [0x00000000e0000000, 0x00000000f6b00000, 0x0000000100000000)
  eden space 213504K, 0% used [0x00000000e0000000,0x00000000e0000000,0x00000000ed080000)
  from space 73216K, 40% used [0x00000000ed080000,0x00000000eed2cc90,0x00000000f1800000)
  to   space 69120K, 0% used [0x00000000f2780000,0x00000000f2780000,0x00000000f6b00000)
 ParOldGen       total 224768K, used 149090K [0x00000000a0000000, 0x00000000adb80000, 0x00000000e0000000)
  object space 224768K, 66% used [0x00000000a0000000,0x00000000a9198918,0x00000000adb80000)
 Metaspace       used 75026K, capacity 78230K, committed 79360K, reserved 1118208K
  class space    used 9676K, capacity 10364K, committed 10752K, reserved 1048576K
}
Event: 4413.960 GC heap before
{Heap before GC invocations=90 (full 12):
 PSYoungGen      total 286720K, used 242867K [0x00000000e0000000, 0x00000000f6b00000, 0x0000000100000000)
  eden space 213504K, 100% used [0x00000000e0000000,0x00000000ed080000,0x00000000ed080000)
  from space 73216K, 40% used [0x00000000ed080000,0x00000000eed2cc90,0x00000000f1800000)
  to   space 69120K, 0% used [0x00000000f2780000,0x00000000f2780000,0x00000000f6b00000)
 ParOldGen       total 224768K, used 149090K [0x00000000a0000000, 0x00000000adb80000, 0x00000000e0000000)
  object space 224768K, 66% used [0x00000000a0000000,0x00000000a9198918,0x00000000adb80000)
 Metaspace       used 75031K, capacity 78230K, committed 79360K, reserved 1118208K
  class space    used 9676K, capacity 10364K, committed 10752K, reserved 1048576K
Event: 4414.475 GC heap after
Heap after GC invocations=90 (full 12):
 PSYoungGen      total 305152K, used 32837K [0x00000000e0000000, 0x00000000f6e00000, 0x0000000100000000)
  eden space 236032K, 0% used [0x00000000e0000000,0x00000000e0000000,0x00000000ee680000)
  from space 69120K, 47% used [0x00000000f2780000,0x00000000f4791600,0x00000000f6b00000)
  to   space 66560K, 0% used [0x00000000ee680000,0x00000000ee680000,0x00000000f2780000)
 ParOldGen       total 224768K, used 149090K [0x00000000a0000000, 0x00000000adb80000, 0x00000000e0000000)
  object space 224768K, 66% used [0x00000000a0000000,0x00000000a9198918,0x00000000adb80000)
 Metaspace       used 75031K, capacity 78230K, committed 79360K, reserved 1118208K
  class space    used 9676K, capacity 10364K, committed 10752K, reserved 1048576K
}
Event: 4415.151 GC heap before
{Heap before GC invocations=91 (full 12):
 PSYoungGen      total 305152K, used 268869K [0x00000000e0000000, 0x00000000f6e00000, 0x0000000100000000)
  eden space 236032K, 100% used [0x00000000e0000000,0x00000000ee680000,0x00000000ee680000)
  from space 69120K, 47% used [0x00000000f2780000,0x00000000f4791600,0x00000000f6b00000)
  to   space 66560K, 0% used [0x00000000ee680000,0x00000000ee680000,0x00000000f2780000)
 ParOldGen       total 224768K, used 149090K [0x00000000a0000000, 0x00000000adb80000, 0x00000000e0000000)
  object space 224768K, 66% used [0x00000000a0000000,0x00000000a9198918,0x00000000adb80000)
 Metaspace       used 75045K, capacity 78294K, committed 79360K, reserved 1118208K
  class space    used 9676K, capacity 10364K, committed 10752K, reserved 1048576K
Event: 4415.284 GC heap after
Heap after GC invocations=91 (full 12):
 PSYoungGen      total 302592K, used 62405K [0x00000000e0000000, 0x00000000f9780000, 0x0000000100000000)
  eden space 236032K, 0% used [0x00000000e0000000,0x00000000e0000000,0x00000000ee680000)
  from space 66560K, 93% used [0x00000000ee680000,0x00000000f2371638,0x00000000f2780000)
  to   space 74752K, 0% used [0x00000000f4e80000,0x00000000f4e80000,0x00000000f9780000)
 ParOldGen       total 224768K, used 149098K [0x00000000a0000000, 0x00000000adb80000, 0x00000000e0000000)
  object space 224768K, 66% used [0x00000000a0000000,0x00000000a919a918,0x00000000adb80000)
 Metaspace       used 75045K, capacity 78294K, committed 79360K, reserved 1118208K
  class space    used 9676K, capacity 10364K, committed 10752K, reserved 1048576K
}
Event: 4416.028 GC heap before
{Heap before GC invocations=92 (full 12):
 PSYoungGen      total 302592K, used 298437K [0x00000000e0000000, 0x00000000f9780000, 0x0000000100000000)
  eden space 236032K, 100% used [0x00000000e0000000,0x00000000ee680000,0x00000000ee680000)
  from space 66560K, 93% used [0x00000000ee680000,0x00000000f2371638,0x00000000f2780000)
  to   space 74752K, 0% used [0x00000000f4e80000,0x00000000f4e80000,0x00000000f9780000)
 ParOldGen       total 224768K, used 149098K [0x00000000a0000000, 0x00000000adb80000, 0x00000000e0000000)
  object space 224768K, 66% used [0x00000000a0000000,0x00000000a919a918,0x00000000adb80000)
 Metaspace       used 75053K, capacity 78294K, committed 79360K, reserved 1118208K
  class space    used 9677K, capacity 10364K, committed 10752K, reserved 1048576K
Event: 4416.141 GC heap after
Heap after GC invocations=92 (full 12):
 PSYoungGen      total 335360K, used 35789K [0x00000000e0000000, 0x00000000f9100000, 0x0000000100000000)
  eden space 267264K, 0% used [0x00000000e0000000,0x00000000e0000000,0x00000000f0500000)
  from space 68096K, 52% used [0x00000000f4e80000,0x00000000f71737f0,0x00000000f9100000)
  to   space 71680K, 0% used [0x00000000f0500000,0x00000000f0500000,0x00000000f4b00000)
 ParOldGen       total 224768K, used 171658K [0x00000000a0000000, 0x00000000adb80000, 0x00000000e0000000)
  object space 224768K, 76% used [0x00000000a0000000,0x00000000aa7a2b00,0x00000000adb80000)
 Metaspace       used 75053K, capacity 78294K, committed 79360K, reserved 1118208K
  class space    used 9677K, capacity 10364K, committed 10752K, reserved 1048576K
}
Event: 4418.511 GC heap before
{Heap before GC invocations=93 (full 12):
 PSYoungGen      total 335360K, used 303053K [0x00000000e0000000, 0x00000000f9100000, 0x0000000100000000)
  eden space 267264K, 100% used [0x00000000e0000000,0x00000000f0500000,0x00000000f0500000)
  from space 68096K, 52% used [0x00000000f4e80000,0x00000000f71737f0,0x00000000f9100000)
  to   space 71680K, 0% used [0x00000000f0500000,0x00000000f0500000,0x00000000f4b00000)
 ParOldGen       total 224768K, used 171658K [0x00000000a0000000, 0x00000000adb80000, 0x00000000e0000000)
  object space 224768K, 76% used [0x00000000a0000000,0x00000000aa7a2b00,0x00000000adb80000)
 Metaspace       used 75060K, capacity 78294K, committed 79360K, reserved 1118208K
  class space    used 9678K, capacity 10364K, committed 10752K, reserved 1048576K
Event: 4418.727 GC heap after
Heap after GC invocations=93 (full 12):
 PSYoungGen      total 338944K, used 20957K [0x00000000e0000000, 0x00000000faf00000, 0x0000000100000000)
  eden space 267264K, 0% used [0x00000000e0000000,0x00000000e0000000,0x00000000f0500000)
  from space 71680K, 29% used [0x00000000f0500000,0x00000000f19777d0,0x00000000f4b00000)
  to   space 70144K, 0% used [0x00000000f6a80000,0x00000000f6a80000,0x00000000faf00000)
 ParOldGen       total 224768K, used 181876K [0x00000000a0000000, 0x00000000adb80000, 0x00000000e0000000)
  object space 224768K, 80% used [0x00000000a0000000,0x00000000ab19d2b0,0x00000000adb80000)
 Metaspace       used 75060K, capacity 78294K, committed 79360K, reserved 1118208K
  class space    used 9678K, capacity 10364K, committed 10752K, reserved 1048576K
}

Deoptimization events (10 events):
Event: 4415.122 Thread 0x000000005bfaf800 Uncommon trap: reason=unstable_if action=reinterpret pc=0x0000000005d069fc method=com.android.dx.cf.code.Ropper.processBlock(Lcom/android/dx/cf/code/ByteBlock;Lcom/android/dx/cf/code/Frame;[I)V @ 651
Event: 4415.385 Thread 0x000000005bfa9000 Uncommon trap: reason=unstable_if action=reinterpret pc=0x0000000005794920 method=com.android.dx.dex.code.OutputFinisher.align64bits([Lcom/android/dx/dex/code/Dop;)V @ 177
Event: 4415.810 Thread 0x000000005a9b8000 Uncommon trap: reason=unstable_if action=reinterpret pc=0x0000000005c1cb68 method=com.android.dx.cf.code.LineNumberList.pcToLine(I)I @ 43
Event: 4415.810 Thread 0x000000005a9b8000 Uncommon trap: reason=unstable_if action=reinterpret pc=0x00000000055bd5fc method=com.android.dx.cf.code.LineNumberList.pcToLine(I)I @ 43
Event: 4416.963 Thread 0x000000005bfaf800 Uncommon trap: reason=bimorphic action=maybe_recompile pc=0x00000000059c7154 method=com.android.dx.cf.code.BytecodeArray.parseInstruction(ILcom/android/dx/cf/code/BytecodeArray$Visitor;)I @ 1477
Event: 4416.963 Thread 0x000000005bfaf800 Uncommon trap: reason=bimorphic action=maybe_recompile pc=0x00000000059c7154 method=com.android.dx.cf.code.BytecodeArray.parseInstruction(ILcom/android/dx/cf/code/BytecodeArray$Visitor;)I @ 1477
Event: 4417.400 Thread 0x000000005a9bd800 Uncommon trap: reason=unstable_if action=reinterpret pc=0x0000000005528ee8 method=com.android.dx.dex.file.DebugInfoEncoder.emitHeader(Ljava/util/ArrayList;Ljava/util/ArrayList;)V @ 152
Event: 4417.808 Thread 0x000000005bfaa800 Uncommon trap: reason=class_check action=maybe_recompile pc=0x00000000055a0f54 method=com.android.dx.ssa.ConstCollector.getConstsSortedByCountUse()Ljava/util/ArrayList; @ 282
Event: 4418.474 Thread 0x000000005bfab000 Uncommon trap: reason=bimorphic action=maybe_recompile pc=0x000000000379ba10 method=java.util.concurrent.locks.AbstractQueuedSynchronizer.acquireQueued(Ljava/util/concurrent/locks/AbstractQueuedSynchronizer$Node;I)Z @ 22
Event: 4418.829 Thread 0x000000005bfab000 Uncommon trap: reason=unstable_if action=reinterpret pc=0x0000000004bb9834 method=com.android.dx.rop.code.RegisterSpecSet.<init>(I)V @ 2

Internal exceptions (10 events):
Event: 4305.710 Thread 0x00000000581e1800 Exception <a 'java/lang/NoSuchMethodError': <clinit>> (0x00000000e5d88cf8) thrown at [C:\re\workspace\8-2-build-windows-amd64-cygwin\jdk8u111\7883\hotspot\src\share\vm\prims\jni.cpp, line 1613]
Event: 4305.849 Thread 0x00000000581e1800 Exception <a 'java/io/FileNotFoundException'> (0x00000000e05efbb8) thrown at [C:\re\workspace\8-2-build-windows-amd64-cygwin\jdk8u111\7883\hotspot\src\share\vm\prims\jni.cpp, line 709]
Event: 4314.282 Thread 0x00000000581e1800 Exception <a 'java/lang/NoSuchMethodError': <clinit>> (0x00000000e1ce23c0) thrown at [C:\re\workspace\8-2-build-windows-amd64-cygwin\jdk8u111\7883\hotspot\src\share\vm\prims\jni.cpp, line 1613]
Event: 4318.005 Thread 0x00000000581e5800 Implicit null exception at 0x00000000055719d5 to 0x00000000055723c9
Event: 4321.861 Thread 0x000000005bfad800 Implicit null exception at 0x00000000056bb426 to 0x00000000056bdb5d
Event: 4321.944 Thread 0x000000005bfad800 Implicit null exception at 0x0000000005795f41 to 0x0000000005797d89
Event: 4323.752 Thread 0x00000000581ed000 Implicit null exception at 0x00000000059c115c to 0x00000000059c1c11
Event: 4409.716 Thread 0x000000005f424000 Implicit null exception at 0x0000000005845f55 to 0x00000000058472e5
Event: 4409.716 Thread 0x000000005f424000 Implicit null exception at 0x00000000058045dc to 0x0000000005804749
Event: 4413.531 Thread 0x000000005bfa9000 Implicit null exception at 0x000000000453637c to 0x0000000004536472

Events (10 events):
Event: 4419.002 Thread 0x000000005bfab000 Thread exited: 0x000000005bfab000
Event: 4419.228 Thread 0x000000005bfab000 Thread added: 0x000000005bfab000
Event: 4419.228 Thread 0x000000005bfac800 Thread added: 0x000000005bfac800
Event: 4419.229 Executing VM operation: RevokeBias
Event: 4419.229 Executing VM operation: RevokeBias done
Event: 4419.392 Thread 0x000000005bfaa800 Thread added: 0x000000005bfaa800
Event: 4419.392 Executing VM operation: RevokeBias
Event: 4419.392 Executing VM operation: RevokeBias done
Event: 4419.399 Thread 0x00000000573e3000 flushing nmethod 0x000000000304c710
Event: 4419.421 Thread 0x00000000573ec000 flushing nmethod 0x0000000003615350


Dynamic libraries:
0x000000013fbd0000 - 0x000000013fc07000 	C:\Program Files\Java\jdk1.8.0_111\bin\java.exe
0x0000000077130000 - 0x00000000772da000 	C:\windows\SYSTEM32\ntdll.dll
0x0000000076f10000 - 0x000000007702f000 	C:\windows\system32\kernel32.dll
0x000007fefd2b0000 - 0x000007fefd31a000 	C:\windows\system32\KERNELBASE.dll
0x000007feff080000 - 0x000007feff15b000 	C:\windows\system32\ADVAPI32.dll
0x000007fefd340000 - 0x000007fefd3df000 	C:\windows\system32\msvcrt.dll
0x000007feff3c0000 - 0x000007feff3df000 	C:\windows\SYSTEM32\sechost.dll
0x000007fefef50000 - 0x000007feff07d000 	C:\windows\system32\RPCRT4.dll
0x0000000077030000 - 0x000000007712a000 	C:\windows\system32\USER32.dll
0x000007fefd560000 - 0x000007fefd5c7000 	C:\windows\system32\GDI32.dll
0x000007fefd4b0000 - 0x000007fefd4be000 	C:\windows\system32\LPK.dll
0x000007fefd3e0000 - 0x000007fefd4ab000 	C:\windows\system32\USP10.dll
0x000007fefb800000 - 0x000007fefb9f4000 	C:\windows\WinSxS\amd64_microsoft.windows.common-controls_6595b64144ccf1df_6.0.7601.18837_none_fa3b1e3d17594757\COMCTL32.dll
0x000007fefe0f0000 - 0x000007fefe161000 	C:\windows\system32\SHLWAPI.dll
0x000007fefe190000 - 0x000007fefe1be000 	C:\windows\system32\IMM32.DLL
0x000007fefd5d0000 - 0x000007fefd6d9000 	C:\windows\system32\MSCTF.dll
0x0000000074910000 - 0x00000000749e2000 	C:\Program Files\Java\jdk1.8.0_111\jre\bin\msvcr100.dll
0x0000000070520000 - 0x0000000070dba000 	C:\Program Files\Java\jdk1.8.0_111\jre\bin\server\jvm.dll
0x000007fef8710000 - 0x000007fef8719000 	C:\windows\system32\WSOCK32.dll
0x000007fefde40000 - 0x000007fefde8d000 	C:\windows\system32\WS2_32.dll
0x000007feff240000 - 0x000007feff248000 	C:\windows\system32\NSI.dll
0x000007fefa7c0000 - 0x000007fefa7fb000 	C:\windows\system32\WINMM.dll
0x000007fefc0a0000 - 0x000007fefc0ac000 	C:\windows\system32\VERSION.dll
0x0000000077300000 - 0x0000000077307000 	C:\windows\system32\PSAPI.DLL
0x00000000724d0000 - 0x00000000724df000 	C:\Program Files\Java\jdk1.8.0_111\jre\bin\verify.dll
0x0000000070410000 - 0x0000000070439000 	C:\Program Files\Java\jdk1.8.0_111\jre\bin\java.dll
0x00000000703f0000 - 0x0000000070406000 	C:\Program Files\Java\jdk1.8.0_111\jre\bin\zip.dll
0x000007fefe1c0000 - 0x000007fefef4b000 	C:\windows\system32\SHELL32.dll
0x000007fefdc40000 - 0x000007fefde3c000 	C:\windows\system32\ole32.dll
0x000007fefcf90000 - 0x000007fefcf9f000 	C:\windows\system32\profapi.dll
0x000000006f7c0000 - 0x000000006f7da000 	C:\Program Files\Java\jdk1.8.0_111\jre\bin\net.dll
0x0000000180000000 - 0x000000018006d000 	C:\windows\system32\LavasoftTcpService64.dll
0x000007fefc770000 - 0x000007fefc7c5000 	C:\windows\system32\MSWSOCK.dll
0x000007fefc0c0000 - 0x000007fefc0e7000 	C:\windows\system32\IPHLPAPI.DLL
0x000007fefc0b0000 - 0x000007fefc0bb000 	C:\windows\system32\WINNSI.DLL
0x000007feff160000 - 0x000007feff23a000 	C:\windows\system32\OLEAUT32.dll
0x000007fefcd90000 - 0x000007fefcdb5000 	C:\windows\system32\SspiCli.dll
0x000007fefce20000 - 0x000007fefce2f000 	C:\windows\system32\CRYPTBASE.dll
0x000007fefb5f0000 - 0x000007fefb646000 	C:\windows\system32\uxtheme.dll
0x000007fefc760000 - 0x000007fefc767000 	C:\windows\System32\wship6.dll
0x000000006e4e0000 - 0x000000006e4f1000 	C:\Program Files\Java\jdk1.8.0_111\jre\bin\nio.dll
0x000007fefd6e0000 - 0x000007fefd779000 	C:\windows\system32\CLBCatQ.DLL
0x000007fefc7d0000 - 0x000007fefc7e8000 	C:\windows\system32\CRYPTSP.dll
0x000007fefc4d0000 - 0x000007fefc517000 	C:\windows\system32\rsaenh.dll
0x000007fefced0000 - 0x000007fefcee4000 	C:\windows\system32\RpcRtRemote.dll
0x000007fefce30000 - 0x000007fefcec1000 	C:\windows\system32\SXS.DLL
0x000007fef11e0000 - 0x000007fef11f2000 	C:\Users\Mahendran\.gradle\native\19\windows-amd64\native-platform.dll
0x000007fefd010000 - 0x000007fefd02e000 	C:\windows\system32\USERENV.dll
0x000007fef9ef0000 - 0x000007fef9f08000 	C:\windows\system32\dhcpcsvc.DLL
0x000007fef9a70000 - 0x000007fef9a81000 	C:\windows\system32\dhcpcsvc6.DLL
0x000000006e500000 - 0x000000006e50d000 	C:\Program Files\Java\jdk1.8.0_111\jre\bin\management.dll
0x000007fefcdc0000 - 0x000007fefce17000 	C:\windows\system32\apphelp.dll
0x0000000001bf0000 - 0x0000000001bfa000 	C:\Program Files (x86)\Lenovo\Energy Management\BatteryTestDLL.dll
0x0000000070f10000 - 0x0000000070fd9000 	C:\windows\WinSxS\amd64_microsoft.vc80.crt_1fc8b3b9a1e18e3b_8.0.50727.6195_none_88e41e092fab0294\MSVCR80.dll

VM Arguments:
jvm_args: -Xmx1536m -Dfile.encoding=windows-1252 -Duser.country=IN -Duser.language=en -Duser.variant 
java_command: org.gradle.launcher.daemon.bootstrap.GradleDaemon 2.14.1
java_class_path (initial): C:\Users\Mahendran\.gradle\wrapper\dists\gradle-2.14.1-all\8bnwg5hd3w55iofp58khbp6yv\gradle-2.14.1\lib\gradle-launcher-2.14.1.jar
Launcher Type: SUN_STANDARD

Environment Variables:
JAVA_HOME=C:\Program Files (x86)\Java\jdk1.8.0_111
CLASSPATH=C:\Program Files (x86)\Java\jdk1.8.0_111\lib;.;C:\Program Files (x86)\NetBeans 6.9\javafx\javafx-sdk\lib;.;C:\gradle-3.3\bin;
PATH=C:\ProgramData\Oracle\Java\javapath;C:\Program Files (x86)\Java\jdk1.8.0_111\bin;C:\Program Files (x86)\NetBeans 6.9\javafx\javafx-sdk\bin;C:\Windows\System32;c:\Program Files (x86)\Microsoft SQL Server\90\Tools\binn\;C:\gradle-3.3\bin;
USERNAME=Mahendran
OS=Windows_NT
PROCESSOR_IDENTIFIER=Intel64 Family 6 Model 42 Stepping 7, GenuineIntel



---------------  S Y S T E M  ---------------

OS: Windows 7 , 64 bit Build 7601 (6.1.7601.23807)

CPU:total 4 (2 cores per cpu, 2 threads per core) family 6 model 42 stepping 7, cmov, cx8, fxsr, mmx, sse, sse2, sse3, ssse3, sse4.1, sse4.2, popcnt, avx, aes, clmul, ht, tsc, tscinvbit

Memory: 4k page, physical 4136816k(247248k free), swap 5578620k(4788k free)

vm_info: Java HotSpot(TM) 64-Bit Server VM (25.111-b14) for windows-amd64 JRE (1.8.0_111-b14), built on Sep 22 2016 19:24:05 by "java_re" with MS VC++ 10.0 (VS2010)

time: Sun Jun 18 18:07:04 2017
elapsed time: 4422 seconds (0d 1h 13m 42s)

