#
# A fatal error has been detected by the Java Runtime Environment:
#
#  EXCEPTION_ACCESS_VIOLATION (0xc0000005) at pc=0x000000000326e098, pid=10112, tid=0x0000000000002820
#
# JRE version: Java(TM) SE Runtime Environment (8.0_111-b14) (build 1.8.0_111-b14)
# Java VM: Java HotSpot(TM) 64-Bit Server VM (25.111-b14 mixed mode windows-amd64 compressed oops)
# Problematic frame:
# J 2729 C1 org.gradle.api.internal.artifacts.ivyservice.ivyresolve.parser.PomReader.maybeSetGavProperties(Lorg/gradle/api/internal/artifacts/ivyservice/ivyresolve/parser/PomReader$GavProperty;Ljava/lang/String;)V (39 bytes) @ 0x000000000326e098 [0x000000000326e020+0x78]
#
# Failed to write core dump. Minidumps are not enabled by default on client versions of Windows
#
# If you would like to submit a bug report, please visit:
#   http://bugreport.java.com/bugreport/crash.jsp
#

---------------  T H R E A D  ---------------

Current thread (0x0000000057ae4000):  JavaThread "Daemon worker" [_thread_in_Java, id=10272, stack(0x000000005b570000,0x000000005b670000)]

siginfo: ExceptionCode=0xc0000005, reading address 0x00000000fecfd768

Registers:
RAX=0x000000005e41d720, RBX=0x000000005e41d720, RCX=0x00000000e4a82998, RDX=0x00000000e4a82998
RSP=0x000000005b66aa90, RBP=0x000000005b66ab70, RSI=0x00000000fecfd760, RDI=0x0000000060c025c8
R8 =0x00000000a08e9640, R9 =0x00000000e4ae6800, R10=0x000000006f9fc0c0, R11=0x000000000326e040
R12=0x0000000000000000, R13=0x000000005b66ab18, R14=0x000000005b66ab80, R15=0x0000000057ae4000
RIP=0x000000000326e098, EFLAGS=0x0000000000010206

Top of Stack: (sp=0x000000005b66aa90)
0x000000005b66aa90:   000000005b66ab00 00000000028c80c0
0x000000005b66aaa0:   e4ae66f00000000c 00000000028c80c0
0x000000005b66aab0:   00000000e4ae6800 00000000e4a82998
0x000000005b66aac0:   000000005b66aac0 000000005e41e162
0x000000005b66aad0:   00000000e4ae6800 00000000e4a82998
0x000000005b66aae0:   0000000000000000 000000005e41e188
0x000000005b66aaf0:   0000000000000000 000000005b66ab18
0x000000005b66ab00:   000000005b66ab70 00000000028c8331
0x000000005b66ab10:   00000000028c8331 00000000e4ae6800
0x000000005b66ab20:   00000000a08e9640 00000000e4a82998
0x000000005b66ab30:   000000005b66ab30 000000005e41d5e0
0x000000005b66ab40:   000000005b66ab80 0000000060e15868
0x000000005b66ab50:   0000000000000000 000000005e41d610
0x000000005b66ab60:   000000005b66ab18 000000005b66ab80
0x000000005b66ab70:   000000005b66abc8 00000000028c8331
0x000000005b66ab80:   00000000e4a82998 000000005b66ab88 

Instructions: (pc=0x000000000326e098)
0x000000000326e078:   00 81 e7 f8 1f 00 00 83 ff 00 0f 84 81 03 00 00
0x000000000326e088:   49 3b 00 49 0b f0 48 bf c8 25 c0 60 00 00 00 00
0x000000000326e098:   8b 76 08 48 3b b7 10 01 00 00 75 0d 48 83 87 18
0x000000000326e0a8:   01 00 00 01 e9 66 00 00 00 48 3b b7 20 01 00 00 


Register to memory mapping:

RAX={method} {0x000000005e41d728} 'maybeSetGavProperties' '(Lorg/gradle/api/internal/artifacts/ivyservice/ivyresolve/parser/PomReader$GavProperty;Ljava/lang/String;)V' in 'org/gradle/api/internal/artifacts/ivyservice/ivyresolve/parser/PomReader'
RBX={method} {0x000000005e41d728} 'maybeSetGavProperties' '(Lorg/gradle/api/internal/artifacts/ivyservice/ivyresolve/parser/PomReader$GavProperty;Ljava/lang/String;)V' in 'org/gradle/api/internal/artifacts/ivyservice/ivyresolve/parser/PomReader'
RCX=0x00000000e4a82998 is an oop
org.gradle.api.internal.artifacts.ivyservice.ivyresolve.parser.PomReader 
 - klass: 'org/gradle/api/internal/artifacts/ivyservice/ivyresolve/parser/PomReader'
RDX=0x00000000e4a82998 is an oop
org.gradle.api.internal.artifacts.ivyservice.ivyresolve.parser.PomReader 
 - klass: 'org/gradle/api/internal/artifacts/ivyservice/ivyresolve/parser/PomReader'
RSP=0x000000005b66aa90 is pointing into the stack for thread: 0x0000000057ae4000
RBP=0x000000005b66ab70 is pointing into the stack for thread: 0x0000000057ae4000
RSI=0x00000000fecfd760 is an unallocated location in the heap
RDI=0x0000000060c025c8 is pointing into metadata
R8 =0x00000000a08e9640 is an oop
org.gradle.api.internal.artifacts.ivyservice.ivyresolve.parser.PomReader$GavProperty 
 - klass: 'org/gradle/api/internal/artifacts/ivyservice/ivyresolve/parser/PomReader$GavProperty'
R9 =0x00000000e4ae6800 is an oop
java.lang.String 
 - klass: 'java/lang/String'
R10=0x000000006f9fc0c0 is an unknown value
R11=0x000000000326e040 is at entry_point+32 in (nmethod*)0x000000000326de90
R12=0x0000000000000000 is an unknown value
R13=0x000000005b66ab18 is pointing into the stack for thread: 0x0000000057ae4000
R14=0x000000005b66ab80 is pointing into the stack for thread: 0x0000000057ae4000
R15=0x0000000057ae4000 is a thread


Stack: [0x000000005b570000,0x000000005b670000],  sp=0x000000005b66aa90,  free space=1002k
Native frames: (J=compiled Java code, j=interpreted, Vv=VM code, C=native code)
C  0x000000000326e098


---------------  P R O C E S S  ---------------

Java Threads: ( => current thread )
  0x0000000058848800 JavaThread "File lock request listener" [_thread_in_native, id=8384, stack(0x000000005f9f0000,0x000000005faf0000)]
  0x0000000057b09800 JavaThread "Stdin handler" [_thread_blocked, id=10912, stack(0x000000005be60000,0x000000005bf60000)]
  0x0000000057b06800 JavaThread "Asynchronous log dispatcher for org.gradle.launcher.daemon.server.DefaultDaemonConnection@322f6fab" [_thread_blocked, id=2124, stack(0x000000005bd00000,0x000000005be00000)]
=>0x0000000057ae4000 JavaThread "Daemon worker" [_thread_in_Java, id=10272, stack(0x000000005b570000,0x000000005b670000)]
  0x0000000057add000 JavaThread "Cancel handler" [_thread_blocked, id=7852, stack(0x000000005b870000,0x000000005b970000)]
  0x000000005a2f4800 JavaThread "Handler for socket connection from /127.0.0.1:56593 to /127.0.0.1:56595" [_thread_in_native, id=2556, stack(0x000000005b3f0000,0x000000005b4f0000)]
  0x000000005a327800 JavaThread "Daemon" [_thread_blocked, id=10280, stack(0x000000005b2b0000,0x000000005b3b0000)]
  0x0000000057baa800 JavaThread "Incoming local TCP Connector on port 56593" [_thread_in_native, id=436, stack(0x0000000059c30000,0x0000000059d30000)]
  0x000000005a167000 JavaThread "pool-1-thread-1" [_thread_blocked, id=6200, stack(0x000000005aee0000,0x000000005afe0000)]
  0x00000000579d8800 JavaThread "Service Thread" daemon [_thread_blocked, id=2400, stack(0x00000000583d0000,0x00000000584d0000)]
  0x00000000564cb800 JavaThread "C1 CompilerThread2" daemon [_thread_blocked, id=8812, stack(0x00000000582a0000,0x00000000583a0000)]
  0x0000000057968000 JavaThread "C2 CompilerThread1" daemon [_thread_blocked, id=5856, stack(0x0000000057750000,0x0000000057850000)]
  0x0000000057953000 JavaThread "C2 CompilerThread0" daemon [_thread_blocked, id=9500, stack(0x0000000057520000,0x0000000057620000)]
  0x00000000564c4800 JavaThread "Attach Listener" daemon [_thread_blocked, id=11164, stack(0x00000000580c0000,0x00000000581c0000)]
  0x00000000564c3000 JavaThread "Signal Dispatcher" daemon [_thread_blocked, id=3296, stack(0x0000000057ec0000,0x0000000057fc0000)]
  0x00000000564a9800 JavaThread "Finalizer" daemon [_thread_blocked, id=9676, stack(0x0000000057850000,0x0000000057950000)]
  0x0000000056462800 JavaThread "Reference Handler" daemon [_thread_blocked, id=3292, stack(0x0000000057630000,0x0000000057730000)]
  0x000000000210e800 JavaThread "main" [_thread_blocked, id=4892, stack(0x00000000024f0000,0x00000000025f0000)]

Other Threads:
  0x000000005645b000 VMThread [stack: 0x0000000057400000,0x0000000057500000] [id=4460]
  0x00000000579e4000 WatcherThread [stack: 0x0000000058590000,0x0000000058690000] [id=9728]

VM state:not at safepoint (normal execution)

VM Mutex/Monitor currently owned by a thread: None

Heap:
 PSYoungGen      total 113152K, used 86169K [0x00000000e0000000, 0x00000000e9b00000, 0x0000000100000000)
  eden space 104448K, 74% used [0x00000000e0000000,0x00000000e4bad7c0,0x00000000e6600000)
  from space 8704K, 99% used [0x00000000e6600000,0x00000000e6e78c90,0x00000000e6e80000)
  to   space 10752K, 0% used [0x00000000e9080000,0x00000000e9080000,0x00000000e9b00000)
 ParOldGen       total 49152K, used 15944K [0x00000000a0000000, 0x00000000a3000000, 0x00000000e0000000)
  object space 49152K, 32% used [0x00000000a0000000,0x00000000a0f92250,0x00000000a3000000)
 Metaspace       used 43455K, capacity 44440K, committed 44672K, reserved 1087488K
  class space    used 5888K, capacity 6164K, committed 6272K, reserved 1048576K

Card table byte_map: [0x0000000011c80000,0x0000000011f90000] byte_map_base: 0x0000000011780000

Marking Bits: (ParMarkBitMap*) 0x000000006fa1a6c0
 Begin Bits: [0x00000000127d0000, 0x0000000013fd0000)
 End Bits:   [0x0000000013fd0000, 0x00000000157d0000)

Polling page: 0x00000000001c0000

CodeCache: size=245760Kb used=17901Kb max_used=17923Kb free=227858Kb
 bounds [0x00000000028c0000, 0x0000000003a60000, 0x00000000118c0000]
 total_blobs=5604 nmethods=4902 adapters=613
 compilation: enabled

Compilation events (10 events):
Event: 19.519 Thread 0x00000000564cb800 5249       3       java.util.Collections::singletonList (9 bytes)
Event: 19.519 Thread 0x00000000564cb800 nmethod 5249 0x0000000003a3fd90 code [0x0000000003a3ff00, 0x0000000003a40210]
Event: 19.519 Thread 0x00000000564cb800 5250       3       java.util.Collections$SingletonList::<init> (10 bytes)
Event: 19.519 Thread 0x00000000564cb800 nmethod 5250 0x0000000003a3f850 code [0x0000000003a3f9c0, 0x0000000003a3fc50]
Event: 19.520 Thread 0x00000000564cb800 5252       1       org.gradle.api.internal.artifacts.dependencies.AbstractExternalModuleDependency::getName (5 bytes)
Event: 19.520 Thread 0x00000000564cb800 nmethod 5252 0x0000000003a3f590 code [0x0000000003a3f6e0, 0x0000000003a3f7f0]
Event: 19.531 Thread 0x0000000057968000 5254 %     4       org.apache.xerces.parsers.AbstractDOMParser::internalEntityDecl @ 279 (385 bytes)
Event: 19.534 Thread 0x0000000057953000 5255       4       org.apache.xerces.dom.DeferredDocumentImpl::getLastChild (49 bytes)
Event: 19.538 Thread 0x0000000057953000 nmethod 5255 0x0000000003a41350 code [0x0000000003a414a0, 0x0000000003a41698]
Event: 19.538 Thread 0x0000000057953000 5256       4       org.apache.xerces.dom.NamedNodeMapImpl::setNamedItem (153 bytes)

GC Heap History (10 events):
Event: 10.630 GC heap before
{Heap before GC invocations=11 (full 1):
 PSYoungGen      total 70656K, used 70646K [0x00000000e0000000, 0x00000000e5a00000, 0x0000000100000000)
  eden space 63488K, 100% used [0x00000000e0000000,0x00000000e3e00000,0x00000000e3e00000)
  from space 7168K, 99% used [0x00000000e3e00000,0x00000000e44fdb38,0x00000000e4500000)
  to   space 8192K, 0% used [0x00000000e5200000,0x00000000e5200000,0x00000000e5a00000)
 ParOldGen       total 35328K, used 10124K [0x00000000a0000000, 0x00000000a2280000, 0x00000000e0000000)
  object space 35328K, 28% used [0x00000000a0000000,0x00000000a09e3320,0x00000000a2280000)
 Metaspace       used 28499K, capacity 29050K, committed 29312K, reserved 1075200K
  class space    used 3962K, capacity 4137K, committed 4224K, reserved 1048576K
Event: 10.638 GC heap after
Heap after GC invocations=11 (full 1):
 PSYoungGen      total 83968K, used 2464K [0x00000000e0000000, 0x00000000e6600000, 0x0000000100000000)
  eden space 75776K, 0% used [0x00000000e0000000,0x00000000e0000000,0x00000000e4a00000)
  from space 8192K, 30% used [0x00000000e5200000,0x00000000e5468010,0x00000000e5a00000)
  to   space 8192K, 0% used [0x00000000e4a00000,0x00000000e4a00000,0x00000000e5200000)
 ParOldGen       total 35328K, used 12136K [0x00000000a0000000, 0x00000000a2280000, 0x00000000e0000000)
  object space 35328K, 34% used [0x00000000a0000000,0x00000000a0bda340,0x00000000a2280000)
 Metaspace       used 28499K, capacity 29050K, committed 29312K, reserved 1075200K
  class space    used 3962K, capacity 4137K, committed 4224K, reserved 1048576K
}
Event: 12.726 GC heap before
{Heap before GC invocations=12 (full 1):
 PSYoungGen      total 83968K, used 78240K [0x00000000e0000000, 0x00000000e6600000, 0x0000000100000000)
  eden space 75776K, 100% used [0x00000000e0000000,0x00000000e4a00000,0x00000000e4a00000)
  from space 8192K, 30% used [0x00000000e5200000,0x00000000e5468010,0x00000000e5a00000)
  to   space 8192K, 0% used [0x00000000e4a00000,0x00000000e4a00000,0x00000000e5200000)
 ParOldGen       total 35328K, used 12136K [0x00000000a0000000, 0x00000000a2280000, 0x00000000e0000000)
  object space 35328K, 34% used [0x00000000a0000000,0x00000000a0bda340,0x00000000a2280000)
 Metaspace       used 33454K, capacity 34120K, committed 34560K, reserved 1079296K
  class space    used 4600K, capacity 4787K, committed 4864K, reserved 1048576K
Event: 12.756 GC heap after
Heap after GC invocations=12 (full 1):
 PSYoungGen      total 83968K, used 6876K [0x00000000e0000000, 0x00000000e7700000, 0x0000000100000000)
  eden space 75776K, 0% used [0x00000000e0000000,0x00000000e0000000,0x00000000e4a00000)
  from space 8192K, 83% used [0x00000000e4a00000,0x00000000e50b7350,0x00000000e5200000)
  to   space 8704K, 0% used [0x00000000e6e80000,0x00000000e6e80000,0x00000000e7700000)
 ParOldGen       total 35328K, used 13488K [0x00000000a0000000, 0x00000000a2280000, 0x00000000e0000000)
  object space 35328K, 38% used [0x00000000a0000000,0x00000000a0d2c368,0x00000000a2280000)
 Metaspace       used 33454K, capacity 34120K, committed 34560K, reserved 1079296K
  class space    used 4600K, capacity 4787K, committed 4864K, reserved 1048576K
}
Event: 12.945 GC heap before
{Heap before GC invocations=13 (full 1):
 PSYoungGen      total 83968K, used 18841K [0x00000000e0000000, 0x00000000e7700000, 0x0000000100000000)
  eden space 75776K, 15% used [0x00000000e0000000,0x00000000e0baf198,0x00000000e4a00000)
  from space 8192K, 83% used [0x00000000e4a00000,0x00000000e50b7350,0x00000000e5200000)
  to   space 8704K, 0% used [0x00000000e6e80000,0x00000000e6e80000,0x00000000e7700000)
 ParOldGen       total 35328K, used 13488K [0x00000000a0000000, 0x00000000a2280000, 0x00000000e0000000)
  object space 35328K, 38% used [0x00000000a0000000,0x00000000a0d2c368,0x00000000a2280000)
 Metaspace       used 34572K, capacity 35162K, committed 35456K, reserved 1079296K
  class space    used 4754K, capacity 4918K, committed 4992K, reserved 1048576K
Event: 12.952 GC heap after
Heap after GC invocations=13 (full 1):
 PSYoungGen      total 113152K, used 1217K [0x00000000e0000000, 0x00000000e7a00000, 0x0000000100000000)
  eden space 104448K, 0% used [0x00000000e0000000,0x00000000e0000000,0x00000000e6600000)
  from space 8704K, 13% used [0x00000000e6e80000,0x00000000e6fb0630,0x00000000e7700000)
  to   space 8704K, 0% used [0x00000000e6600000,0x00000000e6600000,0x00000000e6e80000)
 ParOldGen       total 35328K, used 16418K [0x00000000a0000000, 0x00000000a2280000, 0x00000000e0000000)
  object space 35328K, 46% used [0x00000000a0000000,0x00000000a1008b98,0x00000000a2280000)
 Metaspace       used 34572K, capacity 35162K, committed 35456K, reserved 1079296K
  class space    used 4754K, capacity 4918K, committed 4992K, reserved 1048576K
}
Event: 12.952 GC heap before
{Heap before GC invocations=14 (full 2):
 PSYoungGen      total 113152K, used 1217K [0x00000000e0000000, 0x00000000e7a00000, 0x0000000100000000)
  eden space 104448K, 0% used [0x00000000e0000000,0x00000000e0000000,0x00000000e6600000)
  from space 8704K, 13% used [0x00000000e6e80000,0x00000000e6fb0630,0x00000000e7700000)
  to   space 8704K, 0% used [0x00000000e6600000,0x00000000e6600000,0x00000000e6e80000)
 ParOldGen       total 35328K, used 16418K [0x00000000a0000000, 0x00000000a2280000, 0x00000000e0000000)
  object space 35328K, 46% used [0x00000000a0000000,0x00000000a1008b98,0x00000000a2280000)
 Metaspace       used 34572K, capacity 35162K, committed 35456K, reserved 1079296K
  class space    used 4754K, capacity 4918K, committed 4992K, reserved 1048576K
Event: 13.056 GC heap after
Heap after GC invocations=14 (full 2):
 PSYoungGen      total 113152K, used 0K [0x00000000e0000000, 0x00000000e7a00000, 0x0000000100000000)
  eden space 104448K, 0% used [0x00000000e0000000,0x00000000e0000000,0x00000000e6600000)
  from space 8704K, 0% used [0x00000000e6e80000,0x00000000e6e80000,0x00000000e7700000)
  to   space 8704K, 0% used [0x00000000e6600000,0x00000000e6600000,0x00000000e6e80000)
 ParOldGen       total 49152K, used 14217K [0x00000000a0000000, 0x00000000a3000000, 0x00000000e0000000)
  object space 49152K, 28% used [0x00000000a0000000,0x00000000a0de27d0,0x00000000a3000000)
 Metaspace       used 34572K, capacity 35162K, committed 35456K, reserved 1079296K
  class space    used 4754K, capacity 4918K, committed 4992K, reserved 1048576K
}
Event: 17.363 GC heap before
{Heap before GC invocations=15 (full 2):
 PSYoungGen      total 113152K, used 104448K [0x00000000e0000000, 0x00000000e7a00000, 0x0000000100000000)
  eden space 104448K, 100% used [0x00000000e0000000,0x00000000e6600000,0x00000000e6600000)
  from space 8704K, 0% used [0x00000000e6e80000,0x00000000e6e80000,0x00000000e7700000)
  to   space 8704K, 0% used [0x00000000e6600000,0x00000000e6600000,0x00000000e6e80000)
 ParOldGen       total 49152K, used 14217K [0x00000000a0000000, 0x00000000a3000000, 0x00000000e0000000)
  object space 49152K, 28% used [0x00000000a0000000,0x00000000a0de27d0,0x00000000a3000000)
 Metaspace       used 42193K, capacity 43030K, committed 43392K, reserved 1087488K
  class space    used 5757K, capacity 5955K, committed 6016K, reserved 1048576K
Event: 17.375 GC heap after
Heap after GC invocations=15 (full 2):
 PSYoungGen      total 113152K, used 8675K [0x00000000e0000000, 0x00000000e9b00000, 0x0000000100000000)
  eden space 104448K, 0% used [0x00000000e0000000,0x00000000e0000000,0x00000000e6600000)
  from space 8704K, 99% used [0x00000000e6600000,0x00000000e6e78c90,0x00000000e6e80000)
  to   space 10752K, 0% used [0x00000000e9080000,0x00000000e9080000,0x00000000e9b00000)
 ParOldGen       total 49152K, used 15944K [0x00000000a0000000, 0x00000000a3000000, 0x00000000e0000000)
  object space 49152K, 32% used [0x00000000a0000000,0x00000000a0f92250,0x00000000a3000000)
 Metaspace       used 42193K, capacity 43030K, committed 43392K, reserved 1087488K
  class space    used 5757K, capacity 5955K, committed 6016K, reserved 1048576K
}

Deoptimization events (10 events):
Event: 15.777 Thread 0x0000000057ae4000 Uncommon trap: reason=unstable_if action=reinterpret pc=0x0000000002f8da2c method=sun.misc.MetaIndex.mayContain(Ljava/lang/String;)Z @ 38
Event: 15.793 Thread 0x0000000057ae4000 Uncommon trap: reason=unstable_if action=reinterpret pc=0x0000000002f9a1e0 method=sun.misc.MetaIndex.mayContain(Ljava/lang/String;)Z @ 38
Event: 15.939 Thread 0x0000000057ae4000 Uncommon trap: reason=unstable_if action=reinterpret pc=0x0000000002d310fc method=java.io.DataInputStream.readUTF(Ljava/io/DataInput;)Ljava/lang/String; @ 31
Event: 16.627 Thread 0x0000000057ae4000 Uncommon trap: reason=unstable_if action=reinterpret pc=0x00000000032abf48 method=java.lang.CharacterDataLatin1.digit(II)I @ 31
Event: 16.658 Thread 0x0000000057ae4000 Uncommon trap: reason=unstable_if action=reinterpret pc=0x0000000003774fd8 method=com.sun.org.apache.xerces.internal.impl.XMLEntityScanner.scanContent(Lcom/sun/org/apache/xerces/internal/xni/XMLString;)I @ 526
Event: 16.664 Thread 0x0000000057ae4000 Uncommon trap: reason=unstable_if action=reinterpret pc=0x0000000003187e18 method=java.lang.CharacterDataLatin1.digit(II)I @ 31
Event: 17.487 Thread 0x0000000057ae4000 Uncommon trap: reason=unstable_if action=reinterpret pc=0x00000000037b2c28 method=com.sun.org.apache.xerces.internal.impl.io.UTF8Reader.read([CII)I @ 131
Event: 17.488 Thread 0x0000000057ae4000 Uncommon trap: reason=unstable_if action=reinterpret pc=0x00000000037a8164 method=com.sun.org.apache.xerces.internal.impl.io.UTF8Reader.read([CII)I @ 131
Event: 17.488 Thread 0x0000000057ae4000 Uncommon trap: reason=unstable_if action=reinterpret pc=0x0000000003795ea8 method=java.util.regex.Pattern$BitClass.isSatisfiedBy(I)Z @ 4
Event: 17.488 Thread 0x0000000057ae4000 Uncommon trap: reason=unstable_if action=reinterpret pc=0x000000000377597c method=java.util.regex.Pattern$Ctype.isSatisfiedBy(I)Z @ 4

Internal exceptions (10 events):
Event: 17.642 Thread 0x0000000057ae4000 Exception <a 'sun/nio/fs/WindowsException'> (0x00000000e1050300) thrown at [C:\re\workspace\8-2-build-windows-amd64-cygwin\jdk8u111\7883\hotspot\src\share\vm\prims\jni.cpp, line 709]
Event: 17.642 Thread 0x0000000057ae4000 Exception <a 'sun/nio/fs/WindowsException'> (0x00000000e1050fc0) thrown at [C:\re\workspace\8-2-build-windows-amd64-cygwin\jdk8u111\7883\hotspot\src\share\vm\prims\jni.cpp, line 709]
Event: 17.642 Thread 0x0000000057ae4000 Exception <a 'sun/nio/fs/WindowsException'> (0x00000000e1055528) thrown at [C:\re\workspace\8-2-build-windows-amd64-cygwin\jdk8u111\7883\hotspot\src\share\vm\prims\jni.cpp, line 709]
Event: 17.642 Thread 0x0000000057ae4000 Exception <a 'sun/nio/fs/WindowsException'> (0x00000000e1056068) thrown at [C:\re\workspace\8-2-build-windows-amd64-cygwin\jdk8u111\7883\hotspot\src\share\vm\prims\jni.cpp, line 709]
Event: 17.642 Thread 0x0000000057ae4000 Exception <a 'sun/nio/fs/WindowsException'> (0x00000000e1057be0) thrown at [C:\re\workspace\8-2-build-windows-amd64-cygwin\jdk8u111\7883\hotspot\src\share\vm\prims\jni.cpp, line 709]
Event: 17.643 Thread 0x0000000057ae4000 Exception <a 'sun/nio/fs/WindowsException'> (0x00000000e1058760) thrown at [C:\re\workspace\8-2-build-windows-amd64-cygwin\jdk8u111\7883\hotspot\src\share\vm\prims\jni.cpp, line 709]
Event: 18.041 Thread 0x0000000057ae4000 Exception <a 'java/lang/NoSuchMethodError': java.lang.Object.lambda$comparing$77a9974f$1(Ljava/util/function/Function;Ljava/lang/Object;Ljava/lang/Object;)I> (0x00000000e44b08b8) thrown at [C:\re\workspace\8-2-build-windows-amd64-cygwin\jdk8u111\7883\hots
Event: 18.046 Thread 0x0000000057ae4000 Exception <a 'java/lang/NoSuchMethodError': java.lang.Object.lambda$thenComparing$36697e65$1(Ljava/util/Comparator;Ljava/lang/Object;Ljava/lang/Object;)I> (0x00000000e44bef50) thrown at [C:\re\workspace\8-2-build-windows-amd64-cygwin\jdk8u111\7883\hotspot
Event: 18.121 Thread 0x0000000057ae4000 Exception <a 'java/lang/NoSuchMethodError': java.lang.Object.lambda$maxBy$1(Ljava/util/Comparator;Ljava/lang/Object;Ljava/lang/Object;)Ljava/lang/Object;> (0x00000000e455cc40) thrown at [C:\re\workspace\8-2-build-windows-amd64-cygwin\jdk8u111\7883\hotspot
Event: 19.330 Thread 0x0000000057ae4000 Exception <a 'sun/nio/fs/WindowsException'> (0x00000000e476fe28) thrown at [C:\re\workspace\8-2-build-windows-amd64-cygwin\jdk8u111\7883\hotspot\src\share\vm\prims\jni.cpp, line 709]

Events (10 events):
Event: 19.494 loading class org/gradle/api/internal/artifacts/dsl/ModuleVersionSelectorParsers
Event: 19.494 loading class org/gradle/api/internal/artifacts/dsl/ModuleVersionSelectorParsers done
Event: 19.495 loading class org/gradle/api/internal/artifacts/dsl/ModuleVersionSelectorParsers$StringConverter
Event: 19.495 loading class org/gradle/api/internal/artifacts/dsl/ModuleVersionSelectorParsers$StringConverter done
Event: 19.496 loading class org/gradle/api/internal/artifacts/dsl/ModuleVersionSelectorParsers$MapConverter
Event: 19.496 loading class org/gradle/api/internal/artifacts/dsl/ModuleVersionSelectorParsers$MapConverter done
Event: 19.497 loading class org/gradle/internal/typeconversion/FlatteningNotationParser
Event: 19.497 loading class org/gradle/internal/typeconversion/FlatteningNotationParser done
Event: 19.506 Thread 0x0000000057ae4000 DEOPT PACKING pc=0x0000000002ba497e sp=0x000000005b66b0b0
Event: 19.506 Thread 0x0000000057ae4000 DEOPT UNPACKING pc=0x000000000290787f sp=0x000000005b66adc8 mode 0


Dynamic libraries:
0x000000013f540000 - 0x000000013f577000 	C:\Program Files\Java\jdk1.8.0_111\bin\java.exe
0x0000000077340000 - 0x00000000774ea000 	C:\windows\SYSTEM32\ntdll.dll
0x0000000077220000 - 0x000000007733f000 	C:\windows\system32\kernel32.dll
0x000007fefd1d0000 - 0x000007fefd23a000 	C:\windows\system32\KERNELBASE.dll
0x000007fefdb40000 - 0x000007fefdc1b000 	C:\windows\system32\ADVAPI32.dll
0x000007fefea90000 - 0x000007fefeb2f000 	C:\windows\system32\msvcrt.dll
0x000007fefd7f0000 - 0x000007fefd80f000 	C:\windows\SYSTEM32\sechost.dll
0x000007fefd550000 - 0x000007fefd67d000 	C:\windows\system32\RPCRT4.dll
0x0000000077120000 - 0x000000007721a000 	C:\windows\system32\USER32.dll
0x000007fefdaa0000 - 0x000007fefdb07000 	C:\windows\system32\GDI32.dll
0x000007fefdb30000 - 0x000007fefdb3e000 	C:\windows\system32\LPK.dll
0x000007fefed60000 - 0x000007fefee2b000 	C:\windows\system32\USP10.dll
0x000007fefba10000 - 0x000007fefbc04000 	C:\windows\WinSxS\amd64_microsoft.windows.common-controls_6595b64144ccf1df_6.0.7601.18837_none_fa3b1e3d17594757\COMCTL32.dll
0x000007fefea10000 - 0x000007fefea81000 	C:\windows\system32\SHLWAPI.dll
0x000007feff370000 - 0x000007feff39e000 	C:\windows\system32\IMM32.DLL
0x000007fefee30000 - 0x000007fefef39000 	C:\windows\system32\MSCTF.dll
0x000000005b6a0000 - 0x000000005b772000 	C:\Program Files\Java\jdk1.8.0_111\jre\bin\msvcr100.dll
0x000000006f200000 - 0x000000006fa9a000 	C:\Program Files\Java\jdk1.8.0_111\jre\bin\server\jvm.dll
0x000007fef2620000 - 0x000007fef2629000 	C:\windows\system32\WSOCK32.dll
0x000007feff600000 - 0x000007feff64d000 	C:\windows\system32\WS2_32.dll
0x000007fefef40000 - 0x000007fefef48000 	C:\windows\system32\NSI.dll
0x000007fefab20000 - 0x000007fefab5b000 	C:\windows\system32\WINMM.dll
0x000007fefc2b0000 - 0x000007fefc2bc000 	C:\windows\system32\VERSION.dll
0x0000000077510000 - 0x0000000077517000 	C:\windows\system32\PSAPI.DLL
0x000000006fb70000 - 0x000000006fb7f000 	C:\Program Files\Java\jdk1.8.0_111\jre\bin\verify.dll
0x000000006fb40000 - 0x000000006fb69000 	C:\Program Files\Java\jdk1.8.0_111\jre\bin\java.dll
0x000000006fb20000 - 0x000000006fb36000 	C:\Program Files\Java\jdk1.8.0_111\jre\bin\zip.dll
0x000007fefdc80000 - 0x000007fefea0b000 	C:\windows\system32\SHELL32.dll
0x000007fefef50000 - 0x000007feff14c000 	C:\windows\system32\ole32.dll
0x000007fefd190000 - 0x000007fefd19f000 	C:\windows\system32\profapi.dll
0x000000006f030000 - 0x000000006f04a000 	C:\Program Files\Java\jdk1.8.0_111\jre\bin\net.dll
0x0000000180000000 - 0x000000018006d000 	C:\windows\system32\LavasoftTcpService64.dll
0x000007fefc920000 - 0x000007fefc975000 	C:\windows\system32\MSWSOCK.dll
0x000007fefc2d0000 - 0x000007fefc2f7000 	C:\windows\system32\IPHLPAPI.DLL
0x000007fefc2c0000 - 0x000007fefc2cb000 	C:\windows\system32\WINNSI.DLL
0x000007feff1f0000 - 0x000007feff2ca000 	C:\windows\system32\OLEAUT32.dll
0x000007fefcf60000 - 0x000007fefcf85000 	C:\windows\system32\SspiCli.dll
0x000007fefcff0000 - 0x000007fefcfff000 	C:\windows\system32\CRYPTBASE.dll
0x000007fefb830000 - 0x000007fefb886000 	C:\windows\system32\uxtheme.dll
0x000007fefc910000 - 0x000007fefc917000 	C:\windows\System32\wship6.dll
0x000000006e3e0000 - 0x000000006e3f1000 	C:\Program Files\Java\jdk1.8.0_111\jre\bin\nio.dll
0x000007fee9e90000 - 0x000007fee9ea2000 	C:\Users\Mahendran\.gradle\native\19\windows-amd64\native-platform.dll
0x000007feff150000 - 0x000007feff1e9000 	C:\windows\system32\CLBCatQ.DLL
0x000007fefc980000 - 0x000007fefc998000 	C:\windows\system32\CRYPTSP.dll
0x000007fefc680000 - 0x000007fefc6c7000 	C:\windows\system32\rsaenh.dll
0x000007fefd0a0000 - 0x000007fefd0b4000 	C:\windows\system32\RpcRtRemote.dll
0x000007fefd000000 - 0x000007fefd091000 	C:\windows\system32\SXS.DLL
0x000007fefd2f0000 - 0x000007fefd30e000 	C:\windows\system32\USERENV.dll
0x000007fefa2a0000 - 0x000007fefa2b8000 	C:\windows\system32\dhcpcsvc.DLL
0x000007fef9db0000 - 0x000007fef9dc1000 	C:\windows\system32\dhcpcsvc6.DLL
0x000000006e400000 - 0x000000006e40d000 	C:\Program Files\Java\jdk1.8.0_111\jre\bin\management.dll
0x000007fefcf90000 - 0x000007fefcfe7000 	C:\windows\system32\apphelp.dll
0x000007fefc0a0000 - 0x000007fefc1c5000 	C:\windows\system32\dbghelp.dll

VM Arguments:
jvm_args: -Xmx1536m -Dfile.encoding=windows-1252 -Duser.country=IN -Duser.language=en -Duser.variant 
java_command: org.gradle.launcher.daemon.bootstrap.GradleDaemon 2.14.1
java_class_path (initial): C:\Users\Mahendran\.gradle\wrapper\dists\gradle-2.14.1-all\8bnwg5hd3w55iofp58khbp6yv\gradle-2.14.1\lib\gradle-launcher-2.14.1.jar
Launcher Type: SUN_STANDARD

Environment Variables:
JAVA_HOME=C:\Program Files (x86)\Java\jdk1.8.0_111
CLASSPATH=C:\Program Files (x86)\Java\jdk1.8.0_111\lib;.;C:\Program Files (x86)\NetBeans 6.9\javafx\javafx-sdk\lib;.;C:\gradle-3.3\bin;
PATH=C:\ProgramData\Oracle\Java\javapath;C:\Program Files (x86)\Java\jdk1.8.0_111\bin;C:\Program Files (x86)\NetBeans 6.9\javafx\javafx-sdk\bin;C:\Windows\System32;c:\Program Files (x86)\Microsoft SQL Server\90\Tools\binn\;C:\gradle-3.3\bin;
USERNAME=Mahendran
OS=Windows_NT
PROCESSOR_IDENTIFIER=Intel64 Family 6 Model 42 Stepping 7, GenuineIntel



---------------  S Y S T E M  ---------------

OS: Windows 7 , 64 bit Build 7601 (6.1.7601.23807)

CPU:total 4 (2 cores per cpu, 2 threads per core) family 6 model 42 stepping 7, cmov, cx8, fxsr, mmx, sse, sse2, sse3, ssse3, sse4.1, sse4.2, popcnt, avx, aes, clmul, ht, tsc, tscinvbit

Memory: 4k page, physical 4136816k(769892k free), swap 6362012k(1443952k free)

vm_info: Java HotSpot(TM) 64-Bit Server VM (25.111-b14) for windows-amd64 JRE (1.8.0_111-b14), built on Sep 22 2016 19:24:05 by "java_re" with MS VC++ 10.0 (VS2010)

time: Sun Jun 25 19:19:37 2017
elapsed time: 19 seconds (0d 0h 0m 19s)

